<?xml version="1.0" encoding="UTF-8"?>
<testng-results skipped="0" failed="5" total="5" passed="0">
  <reporter-output>
  </reporter-output>
  <suite name="Default suite" duration-ms="34828" started-at="2019-11-01T19:11:56Z" finished-at="2019-11-01T19:12:31Z">
    <groups>
    </groups>
    <test name="Default test" duration-ms="34828" started-at="2019-11-01T19:11:56Z" finished-at="2019-11-01T19:12:31Z">
      <class name="parallelest.TestInvocation">
        <test-method status="FAIL" signature="executeTest()[pri:0, instance:parallelest.TestInvocation@3ffc5af1]" name="executeTest" duration-ms="34765" started-at="2019-11-02T00:41:56Z" finished-at="2019-11-02T00:42:31Z">
          <exception class="org.openqa.selenium.SessionNotCreatedException">
            <message>
              <![CDATA[session not created: This version of ChromeDriver only supports Chrome version 79
Build info: version: '3.141.59', revision: 'e82be7d358', time: '2018-11-14T08:17:03'
System info: host: 'GANGADHAR-PC', ip: '192.168.140.1', os.name: 'Windows 7', os.arch: 'amd64', os.version: '6.1', java.version: '1.8.0_181'
Driver info: driver.version: ChromeDriver
remote stacktrace: Backtrace:
	Ordinal0 [0x003E9F93+1548179]
	Ordinal0 [0x0036DC51+1039441]
	Ordinal0 [0x002EE495+517269]
	Ordinal0 [0x0027FD34+64820]
	Ordinal0 [0x0027C61E+50718]
	Ordinal0 [0x0029B797+178071]
	Ordinal0 [0x0029B59D+177565]
	Ordinal0 [0x002995FB+169467]
	Ordinal0 [0x0028160A+71178]
	Ordinal0 [0x00282690+75408]
	Ordinal0 [0x00282629+75305]
	Ordinal0 [0x00387047+1142855]
	GetHandleVerifier [0x00482996+507766]
	GetHandleVerifier [0x004826B4+507028]
	GetHandleVerifier [0x00489D97+537463]
	GetHandleVerifier [0x00483252+510002]
	Ordinal0 [0x0037F12C+1110316]
	Ordinal0 [0x0038921B+1151515]
	Ordinal0 [0x00389383+1151875]
	Ordinal0 [0x00388285+1147525]
	BaseThreadInitThunk [0x767C343D+18]
	RtlInitializeExceptionChain [0x776B9802+99]
	RtlInitializeExceptionChain [0x776B97D5+54]
]]>
            </message>
            <full-stacktrace>
              <![CDATA[org.openqa.selenium.SessionNotCreatedException: session not created: This version of ChromeDriver only supports Chrome version 79
Build info: version: '3.141.59', revision: 'e82be7d358', time: '2018-11-14T08:17:03'
System info: host: 'GANGADHAR-PC', ip: '192.168.140.1', os.name: 'Windows 7', os.arch: 'amd64', os.version: '6.1', java.version: '1.8.0_181'
Driver info: driver.version: ChromeDriver
remote stacktrace: Backtrace:
	Ordinal0 [0x003E9F93+1548179]
	Ordinal0 [0x0036DC51+1039441]
	Ordinal0 [0x002EE495+517269]
	Ordinal0 [0x0027FD34+64820]
	Ordinal0 [0x0027C61E+50718]
	Ordinal0 [0x0029B797+178071]
	Ordinal0 [0x0029B59D+177565]
	Ordinal0 [0x002995FB+169467]
	Ordinal0 [0x0028160A+71178]
	Ordinal0 [0x00282690+75408]
	Ordinal0 [0x00282629+75305]
	Ordinal0 [0x00387047+1142855]
	GetHandleVerifier [0x00482996+507766]
	GetHandleVerifier [0x004826B4+507028]
	GetHandleVerifier [0x00489D97+537463]
	GetHandleVerifier [0x00483252+510002]
	Ordinal0 [0x0037F12C+1110316]
	Ordinal0 [0x0038921B+1151515]
	Ordinal0 [0x00389383+1151875]
	Ordinal0 [0x00388285+1147525]
	BaseThreadInitThunk [0x767C343D+18]
	RtlInitializeExceptionChain [0x776B9802+99]
	RtlInitializeExceptionChain [0x776B97D5+54]

	at sun.reflect.NativeConstructorAccessorImpl.newInstance0(Native Method)
	at sun.reflect.NativeConstructorAccessorImpl.newInstance(Unknown Source)
	at sun.reflect.DelegatingConstructorAccessorImpl.newInstance(Unknown Source)
	at java.lang.reflect.Constructor.newInstance(Unknown Source)
	at org.openqa.selenium.remote.W3CHandshakeResponse.lambda$errorHandler$0(W3CHandshakeResponse.java:62)
	at org.openqa.selenium.remote.HandshakeResponse.lambda$getResponseFunction$0(HandshakeResponse.java:30)
	at org.openqa.selenium.remote.ProtocolHandshake.lambda$createSession$0(ProtocolHandshake.java:126)
	at java.util.stream.ReferencePipeline$3$1.accept(Unknown Source)
	at java.util.Spliterators$ArraySpliterator.tryAdvance(Unknown Source)
	at java.util.stream.ReferencePipeline.forEachWithCancel(Unknown Source)
	at java.util.stream.AbstractPipeline.copyIntoWithCancel(Unknown Source)
	at java.util.stream.AbstractPipeline.copyInto(Unknown Source)
	at java.util.stream.AbstractPipeline.wrapAndCopyInto(Unknown Source)
	at java.util.stream.FindOps$FindOp.evaluateSequential(Unknown Source)
	at java.util.stream.AbstractPipeline.evaluate(Unknown Source)
	at java.util.stream.ReferencePipeline.findFirst(Unknown Source)
	at org.openqa.selenium.remote.ProtocolHandshake.createSession(ProtocolHandshake.java:128)
	at org.openqa.selenium.remote.ProtocolHandshake.createSession(ProtocolHandshake.java:74)
	at org.openqa.selenium.remote.HttpCommandExecutor.execute(HttpCommandExecutor.java:136)
	at org.openqa.selenium.remote.service.DriverCommandExecutor.execute(DriverCommandExecutor.java:83)
	at org.openqa.selenium.remote.RemoteWebDriver.execute(RemoteWebDriver.java:552)
	at org.openqa.selenium.remote.RemoteWebDriver.startSession(RemoteWebDriver.java:213)
	at org.openqa.selenium.remote.RemoteWebDriver.<init>(RemoteWebDriver.java:131)
	at org.openqa.selenium.chrome.ChromeDriver.<init>(ChromeDriver.java:181)
	at org.openqa.selenium.chrome.ChromeDriver.<init>(ChromeDriver.java:168)
	at org.openqa.selenium.chrome.ChromeDriver.<init>(ChromeDriver.java:123)
	at parallelest.BaseTest.getDriver(BaseTest.java:16)
	at parallelest.TestInvocation.executeTest(TestInvocation.java:9)
	at sun.reflect.NativeMethodAccessorImpl.invoke0(Native Method)
	at sun.reflect.NativeMethodAccessorImpl.invoke(Unknown Source)
	at sun.reflect.DelegatingMethodAccessorImpl.invoke(Unknown Source)
	at java.lang.reflect.Method.invoke(Unknown Source)
	at org.testng.internal.MethodInvocationHelper.invokeMethod(MethodInvocationHelper.java:100)
	at org.testng.internal.Invoker.invokeMethod(Invoker.java:646)
	at org.testng.internal.Invoker.invokeTestMethod(Invoker.java:811)
	at org.testng.internal.Invoker.invokeTestMethods(Invoker.java:1137)
	at org.testng.internal.TestMethodWorker.invokeTestMethods(TestMethodWorker.java:129)
	at org.testng.internal.TestMethodWorker.run(TestMethodWorker.java:112)
	at org.testng.internal.thread.ThreadUtil$2.call(ThreadUtil.java:64)
	at java.util.concurrent.FutureTask.run(Unknown Source)
	at java.util.concurrent.ThreadPoolExecutor.runWorker(Unknown Source)
	at java.util.concurrent.ThreadPoolExecutor$Worker.run(Unknown Source)
	at java.lang.Thread.run(Unknown Source)
]]>
            </full-stacktrace>
          </exception> <!-- org.openqa.selenium.SessionNotCreatedException -->
          <reporter-output>
          </reporter-output>
        </test-method> <!-- executeTest -->
        <test-method status="FAIL" signature="executeTest()[pri:0, instance:parallelest.TestInvocation@3ffc5af1]" name="executeTest" duration-ms="34765" started-at="2019-11-02T00:41:56Z" finished-at="2019-11-02T00:42:31Z">
          <exception class="org.openqa.selenium.SessionNotCreatedException">
            <message>
              <![CDATA[session not created: This version of ChromeDriver only supports Chrome version 79
Build info: version: '3.141.59', revision: 'e82be7d358', time: '2018-11-14T08:17:03'
System info: host: 'GANGADHAR-PC', ip: '192.168.140.1', os.name: 'Windows 7', os.arch: 'amd64', os.version: '6.1', java.version: '1.8.0_181'
Driver info: driver.version: ChromeDriver
remote stacktrace: Backtrace:
	Ordinal0 [0x003E9F93+1548179]
	Ordinal0 [0x0036DC51+1039441]
	Ordinal0 [0x002EE495+517269]
	Ordinal0 [0x0027FD34+64820]
	Ordinal0 [0x0027C61E+50718]
	Ordinal0 [0x0029B797+178071]
	Ordinal0 [0x0029B59D+177565]
	Ordinal0 [0x002995FB+169467]
	Ordinal0 [0x0028160A+71178]
	Ordinal0 [0x00282690+75408]
	Ordinal0 [0x00282629+75305]
	Ordinal0 [0x00387047+1142855]
	GetHandleVerifier [0x00482996+507766]
	GetHandleVerifier [0x004826B4+507028]
	GetHandleVerifier [0x00489D97+537463]
	GetHandleVerifier [0x00483252+510002]
	Ordinal0 [0x0037F12C+1110316]
	Ordinal0 [0x0038921B+1151515]
	Ordinal0 [0x00389383+1151875]
	Ordinal0 [0x00388285+1147525]
	BaseThreadInitThunk [0x767C343D+18]
	RtlInitializeExceptionChain [0x776B9802+99]
	RtlInitializeExceptionChain [0x776B97D5+54]
]]>
            </message>
            <full-stacktrace>
              <![CDATA[org.openqa.selenium.SessionNotCreatedException: session not created: This version of ChromeDriver only supports Chrome version 79
Build info: version: '3.141.59', revision: 'e82be7d358', time: '2018-11-14T08:17:03'
System info: host: 'GANGADHAR-PC', ip: '192.168.140.1', os.name: 'Windows 7', os.arch: 'amd64', os.version: '6.1', java.version: '1.8.0_181'
Driver info: driver.version: ChromeDriver
remote stacktrace: Backtrace:
	Ordinal0 [0x003E9F93+1548179]
	Ordinal0 [0x0036DC51+1039441]
	Ordinal0 [0x002EE495+517269]
	Ordinal0 [0x0027FD34+64820]
	Ordinal0 [0x0027C61E+50718]
	Ordinal0 [0x0029B797+178071]
	Ordinal0 [0x0029B59D+177565]
	Ordinal0 [0x002995FB+169467]
	Ordinal0 [0x0028160A+71178]
	Ordinal0 [0x00282690+75408]
	Ordinal0 [0x00282629+75305]
	Ordinal0 [0x00387047+1142855]
	GetHandleVerifier [0x00482996+507766]
	GetHandleVerifier [0x004826B4+507028]
	GetHandleVerifier [0x00489D97+537463]
	GetHandleVerifier [0x00483252+510002]
	Ordinal0 [0x0037F12C+1110316]
	Ordinal0 [0x0038921B+1151515]
	Ordinal0 [0x00389383+1151875]
	Ordinal0 [0x00388285+1147525]
	BaseThreadInitThunk [0x767C343D+18]
	RtlInitializeExceptionChain [0x776B9802+99]
	RtlInitializeExceptionChain [0x776B97D5+54]

	at sun.reflect.NativeConstructorAccessorImpl.newInstance0(Native Method)
	at sun.reflect.NativeConstructorAccessorImpl.newInstance(Unknown Source)
	at sun.reflect.DelegatingConstructorAccessorImpl.newInstance(Unknown Source)
	at java.lang.reflect.Constructor.newInstance(Unknown Source)
	at org.openqa.selenium.remote.W3CHandshakeResponse.lambda$errorHandler$0(W3CHandshakeResponse.java:62)
	at org.openqa.selenium.remote.HandshakeResponse.lambda$getResponseFunction$0(HandshakeResponse.java:30)
	at org.openqa.selenium.remote.ProtocolHandshake.lambda$createSession$0(ProtocolHandshake.java:126)
	at java.util.stream.ReferencePipeline$3$1.accept(Unknown Source)
	at java.util.Spliterators$ArraySpliterator.tryAdvance(Unknown Source)
	at java.util.stream.ReferencePipeline.forEachWithCancel(Unknown Source)
	at java.util.stream.AbstractPipeline.copyIntoWithCancel(Unknown Source)
	at java.util.stream.AbstractPipeline.copyInto(Unknown Source)
	at java.util.stream.AbstractPipeline.wrapAndCopyInto(Unknown Source)
	at java.util.stream.FindOps$FindOp.evaluateSequential(Unknown Source)
	at java.util.stream.AbstractPipeline.evaluate(Unknown Source)
	at java.util.stream.ReferencePipeline.findFirst(Unknown Source)
	at org.openqa.selenium.remote.ProtocolHandshake.createSession(ProtocolHandshake.java:128)
	at org.openqa.selenium.remote.ProtocolHandshake.createSession(ProtocolHandshake.java:74)
	at org.openqa.selenium.remote.HttpCommandExecutor.execute(HttpCommandExecutor.java:136)
	at org.openqa.selenium.remote.service.DriverCommandExecutor.execute(DriverCommandExecutor.java:83)
	at org.openqa.selenium.remote.RemoteWebDriver.execute(RemoteWebDriver.java:552)
	at org.openqa.selenium.remote.RemoteWebDriver.startSession(RemoteWebDriver.java:213)
	at org.openqa.selenium.remote.RemoteWebDriver.<init>(RemoteWebDriver.java:131)
	at org.openqa.selenium.chrome.ChromeDriver.<init>(ChromeDriver.java:181)
	at org.openqa.selenium.chrome.ChromeDriver.<init>(ChromeDriver.java:168)
	at org.openqa.selenium.chrome.ChromeDriver.<init>(ChromeDriver.java:123)
	at parallelest.BaseTest.getDriver(BaseTest.java:16)
	at parallelest.TestInvocation.executeTest(TestInvocation.java:9)
	at sun.reflect.NativeMethodAccessorImpl.invoke0(Native Method)
	at sun.reflect.NativeMethodAccessorImpl.invoke(Unknown Source)
	at sun.reflect.DelegatingMethodAccessorImpl.invoke(Unknown Source)
	at java.lang.reflect.Method.invoke(Unknown Source)
	at org.testng.internal.MethodInvocationHelper.invokeMethod(MethodInvocationHelper.java:100)
	at org.testng.internal.Invoker.invokeMethod(Invoker.java:646)
	at org.testng.internal.Invoker.invokeTestMethod(Invoker.java:811)
	at org.testng.internal.Invoker.invokeTestMethods(Invoker.java:1137)
	at org.testng.internal.TestMethodWorker.invokeTestMethods(TestMethodWorker.java:129)
	at org.testng.internal.TestMethodWorker.run(TestMethodWorker.java:112)
	at org.testng.internal.thread.ThreadUtil$2.call(ThreadUtil.java:64)
	at java.util.concurrent.FutureTask.run(Unknown Source)
	at java.util.concurrent.ThreadPoolExecutor.runWorker(Unknown Source)
	at java.util.concurrent.ThreadPoolExecutor$Worker.run(Unknown Source)
	at java.lang.Thread.run(Unknown Source)
]]>
            </full-stacktrace>
          </exception> <!-- org.openqa.selenium.SessionNotCreatedException -->
          <reporter-output>
          </reporter-output>
        </test-method> <!-- executeTest -->
        <test-method status="FAIL" signature="executeTest()[pri:0, instance:parallelest.TestInvocation@3ffc5af1]" name="executeTest" duration-ms="34764" started-at="2019-11-02T00:41:56Z" finished-at="2019-11-02T00:42:31Z">
          <exception class="org.openqa.selenium.SessionNotCreatedException">
            <message>
              <![CDATA[session not created: This version of ChromeDriver only supports Chrome version 79
Build info: version: '3.141.59', revision: 'e82be7d358', time: '2018-11-14T08:17:03'
System info: host: 'GANGADHAR-PC', ip: '192.168.140.1', os.name: 'Windows 7', os.arch: 'amd64', os.version: '6.1', java.version: '1.8.0_181'
Driver info: driver.version: ChromeDriver
remote stacktrace: Backtrace:
	Ordinal0 [0x003E9F93+1548179]
	Ordinal0 [0x0036DC51+1039441]
	Ordinal0 [0x002EE495+517269]
	Ordinal0 [0x0027FD34+64820]
	Ordinal0 [0x0027C61E+50718]
	Ordinal0 [0x0029B797+178071]
	Ordinal0 [0x0029B59D+177565]
	Ordinal0 [0x002995FB+169467]
	Ordinal0 [0x0028160A+71178]
	Ordinal0 [0x00282690+75408]
	Ordinal0 [0x00282629+75305]
	Ordinal0 [0x00387047+1142855]
	GetHandleVerifier [0x00482996+507766]
	GetHandleVerifier [0x004826B4+507028]
	GetHandleVerifier [0x00489D97+537463]
	GetHandleVerifier [0x00483252+510002]
	Ordinal0 [0x0037F12C+1110316]
	Ordinal0 [0x0038921B+1151515]
	Ordinal0 [0x00389383+1151875]
	Ordinal0 [0x00388285+1147525]
	BaseThreadInitThunk [0x767C343D+18]
	RtlInitializeExceptionChain [0x776B9802+99]
	RtlInitializeExceptionChain [0x776B97D5+54]
]]>
            </message>
            <full-stacktrace>
              <![CDATA[org.openqa.selenium.SessionNotCreatedException: session not created: This version of ChromeDriver only supports Chrome version 79
Build info: version: '3.141.59', revision: 'e82be7d358', time: '2018-11-14T08:17:03'
System info: host: 'GANGADHAR-PC', ip: '192.168.140.1', os.name: 'Windows 7', os.arch: 'amd64', os.version: '6.1', java.version: '1.8.0_181'
Driver info: driver.version: ChromeDriver
remote stacktrace: Backtrace:
	Ordinal0 [0x003E9F93+1548179]
	Ordinal0 [0x0036DC51+1039441]
	Ordinal0 [0x002EE495+517269]
	Ordinal0 [0x0027FD34+64820]
	Ordinal0 [0x0027C61E+50718]
	Ordinal0 [0x0029B797+178071]
	Ordinal0 [0x0029B59D+177565]
	Ordinal0 [0x002995FB+169467]
	Ordinal0 [0x0028160A+71178]
	Ordinal0 [0x00282690+75408]
	Ordinal0 [0x00282629+75305]
	Ordinal0 [0x00387047+1142855]
	GetHandleVerifier [0x00482996+507766]
	GetHandleVerifier [0x004826B4+507028]
	GetHandleVerifier [0x00489D97+537463]
	GetHandleVerifier [0x00483252+510002]
	Ordinal0 [0x0037F12C+1110316]
	Ordinal0 [0x0038921B+1151515]
	Ordinal0 [0x00389383+1151875]
	Ordinal0 [0x00388285+1147525]
	BaseThreadInitThunk [0x767C343D+18]
	RtlInitializeExceptionChain [0x776B9802+99]
	RtlInitializeExceptionChain [0x776B97D5+54]

	at sun.reflect.NativeConstructorAccessorImpl.newInstance0(Native Method)
	at sun.reflect.NativeConstructorAccessorImpl.newInstance(Unknown Source)
	at sun.reflect.DelegatingConstructorAccessorImpl.newInstance(Unknown Source)
	at java.lang.reflect.Constructor.newInstance(Unknown Source)
	at org.openqa.selenium.remote.W3CHandshakeResponse.lambda$errorHandler$0(W3CHandshakeResponse.java:62)
	at org.openqa.selenium.remote.HandshakeResponse.lambda$getResponseFunction$0(HandshakeResponse.java:30)
	at org.openqa.selenium.remote.ProtocolHandshake.lambda$createSession$0(ProtocolHandshake.java:126)
	at java.util.stream.ReferencePipeline$3$1.accept(Unknown Source)
	at java.util.Spliterators$ArraySpliterator.tryAdvance(Unknown Source)
	at java.util.stream.ReferencePipeline.forEachWithCancel(Unknown Source)
	at java.util.stream.AbstractPipeline.copyIntoWithCancel(Unknown Source)
	at java.util.stream.AbstractPipeline.copyInto(Unknown Source)
	at java.util.stream.AbstractPipeline.wrapAndCopyInto(Unknown Source)
	at java.util.stream.FindOps$FindOp.evaluateSequential(Unknown Source)
	at java.util.stream.AbstractPipeline.evaluate(Unknown Source)
	at java.util.stream.ReferencePipeline.findFirst(Unknown Source)
	at org.openqa.selenium.remote.ProtocolHandshake.createSession(ProtocolHandshake.java:128)
	at org.openqa.selenium.remote.ProtocolHandshake.createSession(ProtocolHandshake.java:74)
	at org.openqa.selenium.remote.HttpCommandExecutor.execute(HttpCommandExecutor.java:136)
	at org.openqa.selenium.remote.service.DriverCommandExecutor.execute(DriverCommandExecutor.java:83)
	at org.openqa.selenium.remote.RemoteWebDriver.execute(RemoteWebDriver.java:552)
	at org.openqa.selenium.remote.RemoteWebDriver.startSession(RemoteWebDriver.java:213)
	at org.openqa.selenium.remote.RemoteWebDriver.<init>(RemoteWebDriver.java:131)
	at org.openqa.selenium.chrome.ChromeDriver.<init>(ChromeDriver.java:181)
	at org.openqa.selenium.chrome.ChromeDriver.<init>(ChromeDriver.java:168)
	at org.openqa.selenium.chrome.ChromeDriver.<init>(ChromeDriver.java:123)
	at parallelest.BaseTest.getDriver(BaseTest.java:16)
	at parallelest.TestInvocation.executeTest(TestInvocation.java:9)
	at sun.reflect.NativeMethodAccessorImpl.invoke0(Native Method)
	at sun.reflect.NativeMethodAccessorImpl.invoke(Unknown Source)
	at sun.reflect.DelegatingMethodAccessorImpl.invoke(Unknown Source)
	at java.lang.reflect.Method.invoke(Unknown Source)
	at org.testng.internal.MethodInvocationHelper.invokeMethod(MethodInvocationHelper.java:100)
	at org.testng.internal.Invoker.invokeMethod(Invoker.java:646)
	at org.testng.internal.Invoker.invokeTestMethod(Invoker.java:811)
	at org.testng.internal.Invoker.invokeTestMethods(Invoker.java:1137)
	at org.testng.internal.TestMethodWorker.invokeTestMethods(TestMethodWorker.java:129)
	at org.testng.internal.TestMethodWorker.run(TestMethodWorker.java:112)
	at org.testng.internal.thread.ThreadUtil$2.call(ThreadUtil.java:64)
	at java.util.concurrent.FutureTask.run(Unknown Source)
	at java.util.concurrent.ThreadPoolExecutor.runWorker(Unknown Source)
	at java.util.concurrent.ThreadPoolExecutor$Worker.run(Unknown Source)
	at java.lang.Thread.run(Unknown Source)
]]>
            </full-stacktrace>
          </exception> <!-- org.openqa.selenium.SessionNotCreatedException -->
          <reporter-output>
          </reporter-output>
        </test-method> <!-- executeTest -->
        <test-method status="FAIL" signature="executeTest()[pri:0, instance:parallelest.TestInvocation@3ffc5af1]" name="executeTest" duration-ms="34765" started-at="2019-11-02T00:41:56Z" finished-at="2019-11-02T00:42:31Z">
          <exception class="org.openqa.selenium.SessionNotCreatedException">
            <message>
              <![CDATA[session not created: This version of ChromeDriver only supports Chrome version 79
Build info: version: '3.141.59', revision: 'e82be7d358', time: '2018-11-14T08:17:03'
System info: host: 'GANGADHAR-PC', ip: '192.168.140.1', os.name: 'Windows 7', os.arch: 'amd64', os.version: '6.1', java.version: '1.8.0_181'
Driver info: driver.version: ChromeDriver
remote stacktrace: Backtrace:
	Ordinal0 [0x003E9F93+1548179]
	Ordinal0 [0x0036DC51+1039441]
	Ordinal0 [0x002EE495+517269]
	Ordinal0 [0x0027FD34+64820]
	Ordinal0 [0x0027C61E+50718]
	Ordinal0 [0x0029B797+178071]
	Ordinal0 [0x0029B59D+177565]
	Ordinal0 [0x002995FB+169467]
	Ordinal0 [0x0028160A+71178]
	Ordinal0 [0x00282690+75408]
	Ordinal0 [0x00282629+75305]
	Ordinal0 [0x00387047+1142855]
	GetHandleVerifier [0x00482996+507766]
	GetHandleVerifier [0x004826B4+507028]
	GetHandleVerifier [0x00489D97+537463]
	GetHandleVerifier [0x00483252+510002]
	Ordinal0 [0x0037F12C+1110316]
	Ordinal0 [0x0038921B+1151515]
	Ordinal0 [0x00389383+1151875]
	Ordinal0 [0x00388285+1147525]
	BaseThreadInitThunk [0x767C343D+18]
	RtlInitializeExceptionChain [0x776B9802+99]
	RtlInitializeExceptionChain [0x776B97D5+54]
]]>
            </message>
            <full-stacktrace>
              <![CDATA[org.openqa.selenium.SessionNotCreatedException: session not created: This version of ChromeDriver only supports Chrome version 79
Build info: version: '3.141.59', revision: 'e82be7d358', time: '2018-11-14T08:17:03'
System info: host: 'GANGADHAR-PC', ip: '192.168.140.1', os.name: 'Windows 7', os.arch: 'amd64', os.version: '6.1', java.version: '1.8.0_181'
Driver info: driver.version: ChromeDriver
remote stacktrace: Backtrace:
	Ordinal0 [0x003E9F93+1548179]
	Ordinal0 [0x0036DC51+1039441]
	Ordinal0 [0x002EE495+517269]
	Ordinal0 [0x0027FD34+64820]
	Ordinal0 [0x0027C61E+50718]
	Ordinal0 [0x0029B797+178071]
	Ordinal0 [0x0029B59D+177565]
	Ordinal0 [0x002995FB+169467]
	Ordinal0 [0x0028160A+71178]
	Ordinal0 [0x00282690+75408]
	Ordinal0 [0x00282629+75305]
	Ordinal0 [0x00387047+1142855]
	GetHandleVerifier [0x00482996+507766]
	GetHandleVerifier [0x004826B4+507028]
	GetHandleVerifier [0x00489D97+537463]
	GetHandleVerifier [0x00483252+510002]
	Ordinal0 [0x0037F12C+1110316]
	Ordinal0 [0x0038921B+1151515]
	Ordinal0 [0x00389383+1151875]
	Ordinal0 [0x00388285+1147525]
	BaseThreadInitThunk [0x767C343D+18]
	RtlInitializeExceptionChain [0x776B9802+99]
	RtlInitializeExceptionChain [0x776B97D5+54]

	at sun.reflect.NativeConstructorAccessorImpl.newInstance0(Native Method)
	at sun.reflect.NativeConstructorAccessorImpl.newInstance(Unknown Source)
	at sun.reflect.DelegatingConstructorAccessorImpl.newInstance(Unknown Source)
	at java.lang.reflect.Constructor.newInstance(Unknown Source)
	at org.openqa.selenium.remote.W3CHandshakeResponse.lambda$errorHandler$0(W3CHandshakeResponse.java:62)
	at org.openqa.selenium.remote.HandshakeResponse.lambda$getResponseFunction$0(HandshakeResponse.java:30)
	at org.openqa.selenium.remote.ProtocolHandshake.lambda$createSession$0(ProtocolHandshake.java:126)
	at java.util.stream.ReferencePipeline$3$1.accept(Unknown Source)
	at java.util.Spliterators$ArraySpliterator.tryAdvance(Unknown Source)
	at java.util.stream.ReferencePipeline.forEachWithCancel(Unknown Source)
	at java.util.stream.AbstractPipeline.copyIntoWithCancel(Unknown Source)
	at java.util.stream.AbstractPipeline.copyInto(Unknown Source)
	at java.util.stream.AbstractPipeline.wrapAndCopyInto(Unknown Source)
	at java.util.stream.FindOps$FindOp.evaluateSequential(Unknown Source)
	at java.util.stream.AbstractPipeline.evaluate(Unknown Source)
	at java.util.stream.ReferencePipeline.findFirst(Unknown Source)
	at org.openqa.selenium.remote.ProtocolHandshake.createSession(ProtocolHandshake.java:128)
	at org.openqa.selenium.remote.ProtocolHandshake.createSession(ProtocolHandshake.java:74)
	at org.openqa.selenium.remote.HttpCommandExecutor.execute(HttpCommandExecutor.java:136)
	at org.openqa.selenium.remote.service.DriverCommandExecutor.execute(DriverCommandExecutor.java:83)
	at org.openqa.selenium.remote.RemoteWebDriver.execute(RemoteWebDriver.java:552)
	at org.openqa.selenium.remote.RemoteWebDriver.startSession(RemoteWebDriver.java:213)
	at org.openqa.selenium.remote.RemoteWebDriver.<init>(RemoteWebDriver.java:131)
	at org.openqa.selenium.chrome.ChromeDriver.<init>(ChromeDriver.java:181)
	at org.openqa.selenium.chrome.ChromeDriver.<init>(ChromeDriver.java:168)
	at org.openqa.selenium.chrome.ChromeDriver.<init>(ChromeDriver.java:123)
	at parallelest.BaseTest.getDriver(BaseTest.java:16)
	at parallelest.TestInvocation.executeTest(TestInvocation.java:9)
	at sun.reflect.NativeMethodAccessorImpl.invoke0(Native Method)
	at sun.reflect.NativeMethodAccessorImpl.invoke(Unknown Source)
	at sun.reflect.DelegatingMethodAccessorImpl.invoke(Unknown Source)
	at java.lang.reflect.Method.invoke(Unknown Source)
	at org.testng.internal.MethodInvocationHelper.invokeMethod(MethodInvocationHelper.java:100)
	at org.testng.internal.Invoker.invokeMethod(Invoker.java:646)
	at org.testng.internal.Invoker.invokeTestMethod(Invoker.java:811)
	at org.testng.internal.Invoker.invokeTestMethods(Invoker.java:1137)
	at org.testng.internal.TestMethodWorker.invokeTestMethods(TestMethodWorker.java:129)
	at org.testng.internal.TestMethodWorker.run(TestMethodWorker.java:112)
	at org.testng.internal.thread.ThreadUtil$2.call(ThreadUtil.java:64)
	at java.util.concurrent.FutureTask.run(Unknown Source)
	at java.util.concurrent.ThreadPoolExecutor.runWorker(Unknown Source)
	at java.util.concurrent.ThreadPoolExecutor$Worker.run(Unknown Source)
	at java.lang.Thread.run(Unknown Source)
]]>
            </full-stacktrace>
          </exception> <!-- org.openqa.selenium.SessionNotCreatedException -->
          <reporter-output>
          </reporter-output>
        </test-method> <!-- executeTest -->
        <test-method status="FAIL" signature="executeTest()[pri:0, instance:parallelest.TestInvocation@3ffc5af1]" name="executeTest" duration-ms="34764" started-at="2019-11-02T00:41:56Z" finished-at="2019-11-02T00:42:31Z">
          <exception class="org.openqa.selenium.SessionNotCreatedException">
            <message>
              <![CDATA[session not created: This version of ChromeDriver only supports Chrome version 79
Build info: version: '3.141.59', revision: 'e82be7d358', time: '2018-11-14T08:17:03'
System info: host: 'GANGADHAR-PC', ip: '192.168.140.1', os.name: 'Windows 7', os.arch: 'amd64', os.version: '6.1', java.version: '1.8.0_181'
Driver info: driver.version: ChromeDriver
remote stacktrace: Backtrace:
	Ordinal0 [0x003E9F93+1548179]
	Ordinal0 [0x0036DC51+1039441]
	Ordinal0 [0x002EE495+517269]
	Ordinal0 [0x0027FD34+64820]
	Ordinal0 [0x0027C61E+50718]
	Ordinal0 [0x0029B797+178071]
	Ordinal0 [0x0029B59D+177565]
	Ordinal0 [0x002995FB+169467]
	Ordinal0 [0x0028160A+71178]
	Ordinal0 [0x00282690+75408]
	Ordinal0 [0x00282629+75305]
	Ordinal0 [0x00387047+1142855]
	GetHandleVerifier [0x00482996+507766]
	GetHandleVerifier [0x004826B4+507028]
	GetHandleVerifier [0x00489D97+537463]
	GetHandleVerifier [0x00483252+510002]
	Ordinal0 [0x0037F12C+1110316]
	Ordinal0 [0x0038921B+1151515]
	Ordinal0 [0x00389383+1151875]
	Ordinal0 [0x00388285+1147525]
	BaseThreadInitThunk [0x767C343D+18]
	RtlInitializeExceptionChain [0x776B9802+99]
	RtlInitializeExceptionChain [0x776B97D5+54]
]]>
            </message>
            <full-stacktrace>
              <![CDATA[org.openqa.selenium.SessionNotCreatedException: session not created: This version of ChromeDriver only supports Chrome version 79
Build info: version: '3.141.59', revision: 'e82be7d358', time: '2018-11-14T08:17:03'
System info: host: 'GANGADHAR-PC', ip: '192.168.140.1', os.name: 'Windows 7', os.arch: 'amd64', os.version: '6.1', java.version: '1.8.0_181'
Driver info: driver.version: ChromeDriver
remote stacktrace: Backtrace:
	Ordinal0 [0x003E9F93+1548179]
	Ordinal0 [0x0036DC51+1039441]
	Ordinal0 [0x002EE495+517269]
	Ordinal0 [0x0027FD34+64820]
	Ordinal0 [0x0027C61E+50718]
	Ordinal0 [0x0029B797+178071]
	Ordinal0 [0x0029B59D+177565]
	Ordinal0 [0x002995FB+169467]
	Ordinal0 [0x0028160A+71178]
	Ordinal0 [0x00282690+75408]
	Ordinal0 [0x00282629+75305]
	Ordinal0 [0x00387047+1142855]
	GetHandleVerifier [0x00482996+507766]
	GetHandleVerifier [0x004826B4+507028]
	GetHandleVerifier [0x00489D97+537463]
	GetHandleVerifier [0x00483252+510002]
	Ordinal0 [0x0037F12C+1110316]
	Ordinal0 [0x0038921B+1151515]
	Ordinal0 [0x00389383+1151875]
	Ordinal0 [0x00388285+1147525]
	BaseThreadInitThunk [0x767C343D+18]
	RtlInitializeExceptionChain [0x776B9802+99]
	RtlInitializeExceptionChain [0x776B97D5+54]

	at sun.reflect.NativeConstructorAccessorImpl.newInstance0(Native Method)
	at sun.reflect.NativeConstructorAccessorImpl.newInstance(Unknown Source)
	at sun.reflect.DelegatingConstructorAccessorImpl.newInstance(Unknown Source)
	at java.lang.reflect.Constructor.newInstance(Unknown Source)
	at org.openqa.selenium.remote.W3CHandshakeResponse.lambda$errorHandler$0(W3CHandshakeResponse.java:62)
	at org.openqa.selenium.remote.HandshakeResponse.lambda$getResponseFunction$0(HandshakeResponse.java:30)
	at org.openqa.selenium.remote.ProtocolHandshake.lambda$createSession$0(ProtocolHandshake.java:126)
	at java.util.stream.ReferencePipeline$3$1.accept(Unknown Source)
	at java.util.Spliterators$ArraySpliterator.tryAdvance(Unknown Source)
	at java.util.stream.ReferencePipeline.forEachWithCancel(Unknown Source)
	at java.util.stream.AbstractPipeline.copyIntoWithCancel(Unknown Source)
	at java.util.stream.AbstractPipeline.copyInto(Unknown Source)
	at java.util.stream.AbstractPipeline.wrapAndCopyInto(Unknown Source)
	at java.util.stream.FindOps$FindOp.evaluateSequential(Unknown Source)
	at java.util.stream.AbstractPipeline.evaluate(Unknown Source)
	at java.util.stream.ReferencePipeline.findFirst(Unknown Source)
	at org.openqa.selenium.remote.ProtocolHandshake.createSession(ProtocolHandshake.java:128)
	at org.openqa.selenium.remote.ProtocolHandshake.createSession(ProtocolHandshake.java:74)
	at org.openqa.selenium.remote.HttpCommandExecutor.execute(HttpCommandExecutor.java:136)
	at org.openqa.selenium.remote.service.DriverCommandExecutor.execute(DriverCommandExecutor.java:83)
	at org.openqa.selenium.remote.RemoteWebDriver.execute(RemoteWebDriver.java:552)
	at org.openqa.selenium.remote.RemoteWebDriver.startSession(RemoteWebDriver.java:213)
	at org.openqa.selenium.remote.RemoteWebDriver.<init>(RemoteWebDriver.java:131)
	at org.openqa.selenium.chrome.ChromeDriver.<init>(ChromeDriver.java:181)
	at org.openqa.selenium.chrome.ChromeDriver.<init>(ChromeDriver.java:168)
	at org.openqa.selenium.chrome.ChromeDriver.<init>(ChromeDriver.java:123)
	at parallelest.BaseTest.getDriver(BaseTest.java:16)
	at parallelest.TestInvocation.executeTest(TestInvocation.java:9)
	at sun.reflect.NativeMethodAccessorImpl.invoke0(Native Method)
	at sun.reflect.NativeMethodAccessorImpl.invoke(Unknown Source)
	at sun.reflect.DelegatingMethodAccessorImpl.invoke(Unknown Source)
	at java.lang.reflect.Method.invoke(Unknown Source)
	at org.testng.internal.MethodInvocationHelper.invokeMethod(MethodInvocationHelper.java:100)
	at org.testng.internal.Invoker.invokeMethod(Invoker.java:646)
	at org.testng.internal.Invoker.invokeTestMethod(Invoker.java:811)
	at org.testng.internal.Invoker.invokeTestMethods(Invoker.java:1137)
	at org.testng.internal.TestMethodWorker.invokeTestMethods(TestMethodWorker.java:129)
	at org.testng.internal.TestMethodWorker.run(TestMethodWorker.java:112)
	at org.testng.internal.thread.ThreadUtil$2.call(ThreadUtil.java:64)
	at java.util.concurrent.FutureTask.run(Unknown Source)
	at java.util.concurrent.ThreadPoolExecutor.runWorker(Unknown Source)
	at java.util.concurrent.ThreadPoolExecutor$Worker.run(Unknown Source)
	at java.lang.Thread.run(Unknown Source)
]]>
            </full-stacktrace>
          </exception> <!-- org.openqa.selenium.SessionNotCreatedException -->
          <reporter-output>
          </reporter-output>
        </test-method> <!-- executeTest -->
      </class> <!-- parallelest.TestInvocation -->
    </test> <!-- Default test -->
  </suite> <!-- Default suite -->
</testng-results>
