<?xml version="1.0" encoding="UTF-8"?>
<!-- Generated by org.testng.reporters.JUnitXMLReporter -->
<testsuite hostname="GANGADHAR-PC" name="Validate Title Test" tests="1" failures="1" timestamp="14 Sep 2019 10:56:55 GMT" time="0.015" errors="0">
  <testcase name="validateTitles" time="0.008" classname="testcases.testcase2">
    <failure type="java.lang.AssertionError" message="The following asserts failed:
	expected [Gmail.com] but found [Yahoo.com],
	image not present expected [false] but found [true],
	textbox not present expected [false] but found [true]">
      <![CDATA[java.lang.AssertionError: The following asserts failed:
	expected [Gmail.com] but found [Yahoo.com],
	image not present expected [false] but found [true],
	textbox not present expected [false] but found [true]
	at testcases.testcase2.validateTitles(testcase2.java:40)
... Removed 27 stack frames]]>
    </failure>
  </testcase> <!-- validateTitles -->
</testsuite> <!-- Validate Title Test -->
